# JRE version: OpenJDK Runtime Environment (8.0_152-b01) (build 1.8.0_152-release-915-b01)
# Java VM: OpenJDK 64-Bit Server VM (25.152-b01 mixed mode linux-amd64 compressed oops)
Heap:
 PSYoungGen      total 50688K, used 11926K [0x00000000e0000000, 0x00000000e7000000, 0x0000000100000000)
  eden space 47104K, 25% used [0x00000000e0000000,0x00000000e0ba5b60,0x00000000e2e00000)
  from space 3584K, 0% used [0x00000000e2e00000,0x00000000e2e00000,0x00000000e3180000)
  to   space 10240K, 0% used [0x00000000e6600000,0x00000000e6600000,0x00000000e7000000)
 ParOldGen       total 51712K, used 9555K [0x00000000a0000000, 0x00000000a3280000, 0x00000000e0000000)
  object space 51712K, 18% used [0x00000000a0000000,0x00000000a0954ed0,0x00000000a3280000)
 Metaspace       used 21682K, capacity 22228K, committed 22656K, reserved 1069056K
  class space    used 2924K, capacity 3104K, committed 3200K, reserved 1048576K
GC Heap History (10 events):
Event: 0.740 GC heap before
{Heap before GC invocations=2 (full 0):
 PSYoungGen      total 27136K, used 27131K [0x00000000e0000000, 0x00000000e1e00000, 0x0000000100000000)
  eden space 23552K, 100% used [0x00000000e0000000,0x00000000e1700000,0x00000000e1700000)
  from space 3584K, 99% used [0x00000000e1700000,0x00000000e1a7ec68,0x00000000e1a80000)
  to   space 3584K, 0% used [0x00000000e1a80000,0x00000000e1a80000,0x00000000e1e00000)
 ParOldGen       total 61440K, used 52K [0x00000000a0000000, 0x00000000a3c00000, 0x00000000e0000000)
  object space 61440K, 0% used [0x00000000a0000000,0x00000000a000d1e0,0x00000000a3c00000)
 Metaspace       used 7205K, capacity 7368K, committed 7424K, reserved 1056768K
  class space    used 931K, capacity 1012K, committed 1024K, reserved 1048576K
Event: 0.743 GC heap after
Heap after GC invocations=2 (full 0):
 PSYoungGen      total 27136K, used 2860K [0x00000000e0000000, 0x00000000e3500000, 0x0000000100000000)
  eden space 23552K, 0% used [0x00000000e0000000,0x00000000e0000000,0x00000000e1700000)
  from space 3584K, 79% used [0x00000000e1a80000,0x00000000e1d4b2a0,0x00000000e1e00000)
  to   space 3584K, 0% used [0x00000000e1700000,0x00000000e1700000,0x00000000e1a80000)
 ParOldGen       total 61440K, used 60K [0x00000000a0000000, 0x00000000a3c00000, 0x00000000e0000000)
  object space 61440K, 0% used [0x00000000a0000000,0x00000000a000f1e0,0x00000000a3c00000)
 Metaspace       used 7205K, capacity 7368K, committed 7424K, reserved 1056768K
  class space    used 931K, capacity 1012K, committed 1024K, reserved 1048576K
}
Event: 1.291 GC heap before
{Heap before GC invocations=3 (full 0):
 PSYoungGen      total 27136K, used 26412K [0x00000000e0000000, 0x00000000e3500000, 0x0000000100000000)
  eden space 23552K, 100% used [0x00000000e0000000,0x00000000e1700000,0x00000000e1700000)
  from space 3584K, 79% used [0x00000000e1a80000,0x00000000e1d4b2a0,0x00000000e1e00000)
  to   space 3584K, 0% used [0x00000000e1700000,0x00000000e1700000,0x00000000e1a80000)
 ParOldGen       total 61440K, used 60K [0x00000000a0000000, 0x00000000a3c00000, 0x00000000e0000000)
  object space 61440K, 0% used [0x00000000a0000000,0x00000000a000f1e0,0x00000000a3c00000)
 Metaspace       used 12218K, capacity 12522K, committed 12928K, reserved 1060864K
  class space    used 1680K, capacity 1799K, committed 1920K, reserved 1048576K
Event: 1.298 GC heap after
Heap after GC invocations=3 (full 0):
 PSYoungGen      total 27136K, used 3580K [0x00000000e0000000, 0x00000000e3500000, 0x0000000100000000)
  eden space 23552K, 0% used [0x00000000e0000000,0x00000000e0000000,0x00000000e1700000)
  from space 3584K, 99% used [0x00000000e1700000,0x00000000e1a7f030,0x00000000e1a80000)
  to   space 3584K, 0% used [0x00000000e3180000,0x00000000e3180000,0x00000000e3500000)
 ParOldGen       total 61440K, used 2130K [0x00000000a0000000, 0x00000000a3c00000, 0x00000000e0000000)
  object space 61440K, 3% used [0x00000000a0000000,0x00000000a0214948,0x00000000a3c00000)
 Metaspace       used 12218K, capacity 12522K, committed 12928K, reserved 1060864K
  class space    used 1680K, capacity 1799K, committed 1920K, reserved 1048576K
}
Event: 1.798 GC heap before
{Heap before GC invocations=4 (full 0):
 PSYoungGen      total 27136K, used 27132K [0x00000000e0000000, 0x00000000e3500000, 0x0000000100000000)
  eden space 23552K, 100% used [0x00000000e0000000,0x00000000e1700000,0x00000000e1700000)
  from space 3584K, 99% used [0x00000000e1700000,0x00000000e1a7f030,0x00000000e1a80000)
  to   space 3584K, 0% used [0x00000000e3180000,0x00000000e3180000,0x00000000e3500000)
 ParOldGen       total 61440K, used 2130K [0x00000000a0000000, 0x00000000a3c00000, 0x00000000e0000000)
  object space 61440K, 3% used [0x00000000a0000000,0x00000000a0214948,0x00000000a3c00000)
 Metaspace       used 14459K, capacity 14830K, committed 15104K, reserved 1062912K
  class space    used 2060K, capacity 2185K, committed 2304K, reserved 1048576K
Event: 1.810 GC heap after
Heap after GC invocations=4 (full 0):
 PSYoungGen      total 50688K, used 3568K [0x00000000e0000000, 0x00000000e3500000, 0x0000000100000000)
  eden space 47104K, 0% used [0x00000000e0000000,0x00000000e0000000,0x00000000e2e00000)
  from space 3584K, 99% used [0x00000000e3180000,0x00000000e34fc010,0x00000000e3500000)
  to   space 3584K, 0% used [0x00000000e2e00000,0x00000000e2e00000,0x00000000e3180000)
 ParOldGen       total 61440K, used 5076K [0x00000000a0000000, 0x00000000a3c00000, 0x00000000e0000000)
  object space 61440K, 8% used [0x00000000a0000000,0x00000000a04f5120,0x00000000a3c00000)
 Metaspace       used 14459K, capacity 14830K, committed 15104K, reserved 1062912K
  class space    used 2060K, capacity 2185K, committed 2304K, reserved 1048576K
}
Event: 2.979 GC heap before
{Heap before GC invocations=5 (full 0):
 PSYoungGen      total 50688K, used 37270K [0x00000000e0000000, 0x00000000e3500000, 0x0000000100000000)
  eden space 47104K, 71% used [0x00000000e0000000,0x00000000e20e99d8,0x00000000e2e00000)
  from space 3584K, 99% used [0x00000000e3180000,0x00000000e34fc010,0x00000000e3500000)
  to   space 3584K, 0% used [0x00000000e2e00000,0x00000000e2e00000,0x00000000e3180000)
 ParOldGen       total 61440K, used 5076K [0x00000000a0000000, 0x00000000a3c00000, 0x00000000e0000000)
  object space 61440K, 8% used [0x00000000a0000000,0x00000000a04f5120,0x00000000a3c00000)
 Metaspace       used 20598K, capacity 21064K, committed 21248K, reserved 1067008K
  class space    used 2861K, capacity 3037K, committed 3072K, reserved 1048576K
Event: 2.991 GC heap after
Heap after GC invocations=5 (full 0):
 PSYoungGen      total 50688K, used 3568K [0x00000000e0000000, 0x00000000e7000000, 0x0000000100000000)
  eden space 47104K, 0% used [0x00000000e0000000,0x00000000e0000000,0x00000000e2e00000)
  from space 3584K, 99% used [0x00000000e2e00000,0x00000000e317c020,0x00000000e3180000)
  to   space 10240K, 0% used [0x00000000e6600000,0x00000000e6600000,0x00000000e7000000)
 ParOldGen       total 61440K, used 10664K [0x00000000a0000000, 0x00000000a3c00000, 0x00000000e0000000)
  object space 61440K, 17% used [0x00000000a0000000,0x00000000a0a6a010,0x00000000a3c00000)
 Metaspace       used 20598K, capacity 21064K, committed 21248K, reserved 1067008K
  class space    used 2861K, capacity 3037K, committed 3072K, reserved 1048576K
}
Event: 2.992 GC heap before
{Heap before GC invocations=6 (full 1):
 PSYoungGen      total 50688K, used 3568K [0x00000000e0000000, 0x00000000e7000000, 0x0000000100000000)
  eden space 47104K, 0% used [0x00000000e0000000,0x00000000e0000000,0x00000000e2e00000)
  from space 3584K, 99% used [0x00000000e2e00000,0x00000000e317c020,0x00000000e3180000)
  to   space 10240K, 0% used [0x00000000e6600000,0x00000000e6600000,0x00000000e7000000)
 ParOldGen       total 61440K, used 10664K [0x00000000a0000000, 0x00000000a3c00000, 0x00000000e0000000)
  object space 61440K, 17% used [0x00000000a0000000,0x00000000a0a6a010,0x00000000a3c00000)
 Metaspace       used 20598K, capacity 21064K, committed 21248K, reserved 1067008K
  class space    used 2861K, capacity 3037K, committed 3072K, reserved 1048576K
Event: 3.035 GC heap after
Heap after GC invocations=6 (full 1):
 PSYoungGen      total 50688K, used 0K [0x00000000e0000000, 0x00000000e7000000, 0x0000000100000000)
  eden space 47104K, 0% used [0x00000000e0000000,0x00000000e0000000,0x00000000e2e00000)
  from space 3584K, 0% used [0x00000000e2e00000,0x00000000e2e00000,0x00000000e3180000)
  to   space 10240K, 0% used [0x00000000e6600000,0x00000000e6600000,0x00000000e7000000)
 ParOldGen       total 51712K, used 9555K [0x00000000a0000000, 0x00000000a3280000, 0x00000000e0000000)
  object space 51712K, 18% used [0x00000000a0000000,0x00000000a0954ed0,0x00000000a3280000)
 Metaspace       used 20598K, capacity 21064K, committed 21248K, reserved 1067008K
  class space    used 2861K, capacity 3037K, committed 3072K, reserved 1048576K
}

