# JRE version: OpenJDK Runtime Environment (8.0_152-b01) (build 1.8.0_152-release-915-b01)
# Java VM: OpenJDK 64-Bit Server VM (25.152-b01 mixed mode linux-amd64 compressed oops)
Heap:
 PSYoungGen      total 460800K, used 392623K [0x00000000e0000000, 0x00000000ff700000, 0x0000000100000000)
  eden space 418816K, 89% used [0x00000000e0000000,0x00000000f6e68690,0x00000000f9900000)
  from space 41984K, 41% used [0x00000000fce00000,0x00000000fdf03608,0x00000000ff700000)
  to   space 48128K, 0% used [0x00000000f9900000,0x00000000f9900000,0x00000000fc800000)
 ParOldGen       total 279040K, used 224485K [0x00000000a0000000, 0x00000000b1080000, 0x00000000e0000000)
  object space 279040K, 80% used [0x00000000a0000000,0x00000000adb39488,0x00000000b1080000)
 Metaspace       used 223317K, capacity 235804K, committed 235864K, reserved 1253376K
  class space    used 28570K, capacity 31357K, committed 31360K, reserved 1048576K
GC Heap History (10 events):
Event: 8002.231 GC heap before
{Heap before GC invocations=92 (full 6):
 PSYoungGen      total 465408K, used 417326K [0x00000000e0000000, 0x00000000fff80000, 0x0000000100000000)
  eden space 412672K, 100% used [0x00000000e0000000,0x00000000f9300000,0x00000000f9300000)
  from space 52736K, 8% used [0x00000000f9300000,0x00000000f978bbe0,0x00000000fc680000)
  to   space 51200K, 0% used [0x00000000fcd80000,0x00000000fcd80000,0x00000000fff80000)
 ParOldGen       total 279040K, used 209474K [0x00000000a0000000, 0x00000000b1080000, 0x00000000e0000000)
  object space 279040K, 75% used [0x00000000a0000000,0x00000000acc908a0,0x00000000b1080000)
 Metaspace       used 222928K, capacity 235318K, committed 235608K, reserved 1253376K
  class space    used 28537K, capacity 31311K, committed 31360K, reserved 1048576K
Event: 8002.309 GC heap after
Heap after GC invocations=92 (full 6):
 PSYoungGen      total 454656K, used 49664K [0x00000000e0000000, 0x0000000100000000, 0x0000000100000000)
  eden space 403456K, 0% used [0x00000000e0000000,0x00000000e0000000,0x00000000f8a00000)
  from space 51200K, 97% used [0x00000000fcd80000,0x00000000ffe003f0,0x00000000fff80000)
  to   space 60416K, 0% used [0x00000000f8a00000,0x00000000f8a00000,0x00000000fc500000)
 ParOldGen       total 279040K, used 210644K [0x00000000a0000000, 0x00000000b1080000, 0x00000000e0000000)
  object space 279040K, 75% used [0x00000000a0000000,0x00000000acdb5370,0x00000000b1080000)
 Metaspace       used 222928K, capacity 235318K, committed 235608K, reserved 1253376K
  class space    used 28537K, capacity 31311K, committed 31360K, reserved 1048576K
}
Event: 8006.361 GC heap before
{Heap before GC invocations=93 (full 6):
 PSYoungGen      total 454656K, used 453120K [0x00000000e0000000, 0x0000000100000000, 0x0000000100000000)
  eden space 403456K, 100% used [0x00000000e0000000,0x00000000f8a00000,0x00000000f8a00000)
  from space 51200K, 97% used [0x00000000fcd80000,0x00000000ffe003f0,0x00000000fff80000)
  to   space 60416K, 0% used [0x00000000f8a00000,0x00000000f8a00000,0x00000000fc500000)
 ParOldGen       total 279040K, used 210644K [0x00000000a0000000, 0x00000000b1080000, 0x00000000e0000000)
  object space 279040K, 75% used [0x00000000a0000000,0x00000000acdb5370,0x00000000b1080000)
 Metaspace       used 223176K, capacity 235528K, committed 235608K, reserved 1253376K
  class space    used 28556K, capacity 31314K, committed 31360K, reserved 1048576K
Event: 8006.384 GC heap after
Heap after GC invocations=93 (full 6):
 PSYoungGen      total 463872K, used 6779K [0x00000000e0000000, 0x0000000100000000, 0x0000000100000000)
  eden space 403456K, 0% used [0x00000000e0000000,0x00000000e0000000,0x00000000f8a00000)
  from space 60416K, 11% used [0x00000000f8a00000,0x00000000f909efa8,0x00000000fc500000)
  to   space 57856K, 0% used [0x00000000fc780000,0x00000000fc780000,0x0000000100000000)
 ParOldGen       total 279040K, used 215778K [0x00000000a0000000, 0x00000000b1080000, 0x00000000e0000000)
  object space 279040K, 77% used [0x00000000a0000000,0x00000000ad2b88b0,0x00000000b1080000)
 Metaspace       used 223176K, capacity 235528K, committed 235608K, reserved 1253376K
  class space    used 28556K, capacity 31314K, committed 31360K, reserved 1048576K
}
Event: 8543.991 GC heap before
{Heap before GC invocations=94 (full 6):
 PSYoungGen      total 463872K, used 410235K [0x00000000e0000000, 0x0000000100000000, 0x0000000100000000)
  eden space 403456K, 100% used [0x00000000e0000000,0x00000000f8a00000,0x00000000f8a00000)
  from space 60416K, 11% used [0x00000000f8a00000,0x00000000f909efa8,0x00000000fc500000)
  to   space 57856K, 0% used [0x00000000fc780000,0x00000000fc780000,0x0000000100000000)
 ParOldGen       total 279040K, used 215778K [0x00000000a0000000, 0x00000000b1080000, 0x00000000e0000000)
  object space 279040K, 77% used [0x00000000a0000000,0x00000000ad2b88b0,0x00000000b1080000)
 Metaspace       used 223258K, capacity 235720K, committed 235864K, reserved 1253376K
  class space    used 28567K, capacity 31354K, committed 31360K, reserved 1048576K
Event: 8544.011 GC heap after
Heap after GC invocations=94 (full 6):
 PSYoungGen      total 454144K, used 13158K [0x00000000e0000000, 0x00000000ff680000, 0x0000000100000000)
  eden space 406016K, 0% used [0x00000000e0000000,0x00000000e0000000,0x00000000f8c80000)
  from space 48128K, 27% used [0x00000000fc780000,0x00000000fd4599f0,0x00000000ff680000)
  to   space 54272K, 0% used [0x00000000f8c80000,0x00000000f8c80000,0x00000000fc180000)
 ParOldGen       total 279040K, used 217486K [0x00000000a0000000, 0x00000000b1080000, 0x00000000e0000000)
  object space 279040K, 77% used [0x00000000a0000000,0x00000000ad463a48,0x00000000b1080000)
 Metaspace       used 223258K, capacity 235720K, committed 235864K, reserved 1253376K
  class space    used 28567K, capacity 31354K, committed 31360K, reserved 1048576K
}
Event: 8546.294 GC heap before
{Heap before GC invocations=95 (full 6):
 PSYoungGen      total 454144K, used 419174K [0x00000000e0000000, 0x00000000ff680000, 0x0000000100000000)
  eden space 406016K, 100% used [0x00000000e0000000,0x00000000f8c80000,0x00000000f8c80000)
  from space 48128K, 27% used [0x00000000fc780000,0x00000000fd4599f0,0x00000000ff680000)
  to   space 54272K, 0% used [0x00000000f8c80000,0x00000000f8c80000,0x00000000fc180000)
 ParOldGen       total 279040K, used 217486K [0x00000000a0000000, 0x00000000b1080000, 0x00000000e0000000)
  object space 279040K, 77% used [0x00000000a0000000,0x00000000ad463a48,0x00000000b1080000)
 Metaspace       used 223316K, capacity 235804K, committed 235864K, reserved 1253376K
  class space    used 28570K, capacity 31357K, committed 31360K, reserved 1048576K
Event: 8546.322 GC heap after
Heap after GC invocations=95 (full 6):
 PSYoungGen      total 460288K, used 14060K [0x00000000e0000000, 0x0000000100000000, 0x0000000100000000)
  eden space 406016K, 0% used [0x00000000e0000000,0x00000000e0000000,0x00000000f8c80000)
  from space 54272K, 25% used [0x00000000f8c80000,0x00000000f9a3b3e0,0x00000000fc180000)
  to   space 51200K, 0% used [0x00000000fce00000,0x00000000fce00000,0x0000000100000000)
 ParOldGen       total 279040K, used 222204K [0x00000000a0000000, 0x00000000b1080000, 0x00000000e0000000)
  object space 279040K, 79% used [0x00000000a0000000,0x00000000ad8ff2f8,0x00000000b1080000)
 Metaspace       used 223316K, capacity 235804K, committed 235864K, reserved 1253376K
  class space    used 28570K, capacity 31357K, committed 31360K, reserved 1048576K
}
Event: 8547.104 GC heap before
{Heap before GC invocations=96 (full 6):
 PSYoungGen      total 460288K, used 420076K [0x00000000e0000000, 0x0000000100000000, 0x0000000100000000)
  eden space 406016K, 100% used [0x00000000e0000000,0x00000000f8c80000,0x00000000f8c80000)
  from space 54272K, 25% used [0x00000000f8c80000,0x00000000f9a3b3e0,0x00000000fc180000)
  to   space 51200K, 0% used [0x00000000fce00000,0x00000000fce00000,0x0000000100000000)
 ParOldGen       total 279040K, used 222204K [0x00000000a0000000, 0x00000000b1080000, 0x00000000e0000000)
  object space 279040K, 79% used [0x00000000a0000000,0x00000000ad8ff2f8,0x00000000b1080000)
 Metaspace       used 223316K, capacity 235804K, committed 235864K, reserved 1253376K
  class space    used 28570K, capacity 31357K, committed 31360K, reserved 1048576K
Event: 8547.131 GC heap after
Heap after GC invocations=96 (full 6):
 PSYoungGen      total 460800K, used 17421K [0x00000000e0000000, 0x00000000ff700000, 0x0000000100000000)
  eden space 418816K, 0% used [0x00000000e0000000,0x00000000e0000000,0x00000000f9900000)
  from space 41984K, 41% used [0x00000000fce00000,0x00000000fdf03608,0x00000000ff700000)
  to   space 48128K, 0% used [0x00000000f9900000,0x00000000f9900000,0x00000000fc800000)
 ParOldGen       total 279040K, used 224485K [0x00000000a0000000, 0x00000000b1080000, 0x00000000e0000000)
  object space 279040K, 80% used [0x00000000a0000000,0x00000000adb39488,0x00000000b1080000)
 Metaspace       used 223316K, capacity 235804K, committed 235864K, reserved 1253376K
  class space    used 28570K, capacity 31357K, committed 31360K, reserved 1048576K
}

